<?xml version="1.0" encoding="UTF-8"?>
<testsuite name="com.example.ServerTest" tests="1" skipped="0" failures="0" errors="0" timestamp="2026-08-30T11:58:02.903Z" hostname="LAPTOP-O3EQHK2H" time="2.835">
  <properties/>
  <testcase name="test root endpoint" classname="com.example.ServerTest" time="2.816"/>
  <system-out><![CDATA[2026-08-30 17:28:04.965 [DefaultDispatcher-worker-2 @call-context#3] INFO  io.ktor.test - No ktor.deployment.watch patterns specified, automatic reload is not active.
2026-08-30 17:28:05.526 [DefaultDispatcher-worker-2 @call-context#3] INFO  io.ktor.test - Application started in 0.599 seconds.
2026-08-30 17:28:05.534 [DefaultDispatcher-worker-1 @coroutine#5] INFO  io.ktor.test - Responding at http://localhost:80
2026-08-30 17:28:05.535 [DefaultDispatcher-worker-1 @coroutine#5] INFO  io.ktor.test - Responding at https://localhost:443
]]></system-out>
  <system-err><![CDATA[]]></system-err>
</testsuite>
